Tue 06/12/2016 
03:09 PM
$PROBLEM - INFLIXIMAB REFERENCE MODEL
;REFERENCE: 

$INPUT ID TIME PPVCL PPVV1 PPVQ PPVV2 ALB WT ADA ERRPRO AMT CMT EVID RATE DV

$DATA ..\nonmem_simulation_input.csv IGNORE=C

$SUBROUTINE ADVAN6 TOL=5

$MODEL COMP=(CENT,DEFDOS,DEFOBS), COMP=(PERI)

$PK
 ;POPULATION PARAMETERS
 POPCL=THETA(1)
 POPV1=THETA(2)
 POPQ=THETA(3)
 POPV2=THETA(4)

 ;COVARIATE EFFECTS
 WT_CL=THETA(5) ;EFFECT OF WEIGHT ON CLEARANCE
 ALB_CL=THETA(9) ;EFFECT OF ALBUMIN ON CLEARANCE
 ADA_CL=THETA(10) ;EFFECT OF ANTI-DRUG ANTIBODIES ON CLEARANCE
 WT_V1=THETA(6) ;EFFECT OF WEIGHT ON V1
 WT_Q=THETA(7) ;EFFECT OF WEIGHT ON Q
 WT_V2=THETA(8) ;EFFECT OF WEGIHT ON V2

 D1=0.08333333 ;INFUSION INTO THE CENTRAL COMPARTMENT, SPECIFIED AS DURATION=2 HOURS (CONVERTED TO DAYS)
 
 ;ANTI-DRUG ANTIBODIES
 ADACOV=1 ;NO ANTI-DRUG ANTIBODIES
 IF (ADA.EQ.1) ADACOV=1+ADA_CL ;ANTI-DRUG ANTIBODIES PRESENT
 
 ;INDIVIDUAL PARAMETER VALUES
 CL=POPCL*((WT/70)**WT_CL)*((ALB/4)**ALB_CL)*ADACOV*EXP(PPVCL)
 V1=POPV1*((WT/70)**WT_V1)*EXP(PPVV1)
 Q=POPQ*((WT/70)**WT_Q)*EXP(PPVQ)
 V2=POPV2*((WT/70)**WT_V2)*EXP(PPVV2)
 
 S1=V1 ;SCALE FACTOR FOR V
 
 ;DUMMY ETA VALUES (BECAUSE THESE HAVE ALREADY BEEN SIMULATED AND ARE FOUND IN THE INPUT DATASET)
 DUM1=ETA(1)
 DUM2=ETA(2)
 DUM3=ETA(3)
 DUM4=ETA(4)

$DES
 DADT(1)=-Q/V1*A(1) +Q/V2*A(2) -CL/V1*A(1) ;CENTRAL COMPARTMENT
 DADT(2)=Q/V1*A(1) -Q/V2*A(2) ;PERIPHERAL COMPARTMENT

$THETA
 (0,0.294,) ;TVCL
 (0.1,3.33,) ;TVV1
 (0,0.0719,) ;TVQ
 (0,1.14,) ;TVV2

 0.614 ;WTONCL #POWER MODEL - REFERENCED TO 70 KG
 0.691 ;WTONV1
 1.10 ;WTONQ
 0.59 ;WTONV2

 -1.17 ;ALBONCL #POWER MODEL - REFERENCED TO 4 G/DL
 0.257 ;ADAONCL #DICHOTOMOUS PROPORTIONAL MODEL - OFFSET IS 1+0.257 WHEN ADA=1

$OMEGA
 0.106929 ;CLBSV  0.327^2
 0.0225 ;V1BSV 0.150^2
 1.21 ;QBSV  1.10^2
 0.638401 ;V2BSV  0.799^2

$SIGMA
 0.175561 ;RUVPROP 0.419^2

$ERROR
 A1=A(1)
 A2=A(2)
 IPRE=F
 Y=F*(1+ERRPRO)
 DUM5=ERR(1) ;DUMMY ERROR VALUE (ALREADY SIMULATED AS ERRPRO)

$SIMULATION (1234567) ONLYSIM SUBPROBLEMS=1

;$ESTIMATION METHOD=1 INTERACTION MAXEVALS=0 POSTHOC NOABORT NSIG=3 SIGL=9

;$COVARIANCE UNCONDITIONAL SIGL=12 PRINT=E

$TABLE ID TIME AMT RATE A1 A2 CL V1 Q V2 IPRE WT ADA ALB PPVCL PPVV1 PPVQ PPVV2 NOPRINT ONEHEADER FILE=nonmem_simulation_infliximab.fit
  
NM-TRAN MESSAGES 
  
 WARNINGS AND ERRORS (IF ANY) FOR PROBLEM    1
             
 (WARNING  2) NM-TRAN INFERS THAT THE DATA ARE POPULATION.
License Registered to: UniSA - HQ - Australian Centre for Pharmacometrics - Academic
Expiration Date:    14 APR 2020
Current Date:        6 DEC 2016
Days until program expires :1228
1NONLINEAR MIXED EFFECTS MODEL PROGRAM (NONMEM) VERSION 7.3.0
 ORIGINALLY DEVELOPED BY STUART BEAL, LEWIS SHEINER, AND ALISON BOECKMANN
 CURRENT DEVELOPERS ARE ROBERT BAUER, ICON DEVELOPMENT SOLUTIONS,
 AND ALISON BOECKMANN. IMPLEMENTATION, EFFICIENCY, AND STANDARDIZATION
 PERFORMED BY NOUS INFOSYSTEMS.

 PROBLEM NO.:         1
 - INFLIXIMAB REFERENCE MODEL
0DATA CHECKOUT RUN:              NO
 DATA SET LOCATED ON UNIT NO.:    2
 THIS UNIT TO BE REWOUND:        NO
 NO. OF DATA RECS IN DATA SET:     9100
 NO. OF DATA ITEMS IN DATA SET:  16
 ID DATA ITEM IS DATA ITEM NO.:   1
 DEP VARIABLE IS DATA ITEM NO.:  15
 MDV DATA ITEM IS DATA ITEM NO.: 16
0INDICES PASSED TO SUBROUTINE PRED:
  13   2  11  14   0   0  12   0   0   0   0
0LABELS FOR DATA ITEMS:
 ID TIME PPVCL PPVV1 PPVQ PPVV2 ALB WT ADA ERRPRO AMT CMT EVID RATE DV MDV
0(NONBLANK) LABELS FOR PRED-DEFINED ITEMS:
 CL V1 Q V2 A1 A2 IPRE
0FORMAT FOR DATA:
 (2E3.0,2E20.0,E19.0/E20.0,2E16.0,E1.0,E21.0/E16.0,2E1.0,2E2.0,1F2.0)

 TOT. NO. OF OBS RECS:     7900
 TOT. NO. OF INDIVIDUALS:    100
0LENGTH OF THETA:  10
0DEFAULT THETA BOUNDARY TEST OMITTED:    NO
0OMEGA HAS SIMPLE DIAGONAL FORM WITH DIMENSION:   4
0DEFAULT OMEGA BOUNDARY TEST OMITTED:    NO
0SIGMA HAS SIMPLE DIAGONAL FORM WITH DIMENSION:   1
0DEFAULT SIGMA BOUNDARY TEST OMITTED:    NO
0INITIAL ESTIMATE OF THETA:
 LOWER BOUND    INITIAL EST    UPPER BOUND
  0.0000E+00     0.2940E+00     0.1000E+07
  0.1000E+00     0.3330E+01     0.1000E+07
  0.0000E+00     0.7190E-01     0.1000E+07
  0.0000E+00     0.1140E+01     0.1000E+07
 -0.1000E+07     0.6140E+00     0.1000E+07
 -0.1000E+07     0.6910E+00     0.1000E+07
 -0.1000E+07     0.1100E+01     0.1000E+07
 -0.1000E+07     0.5900E+00     0.1000E+07
 -0.1000E+07    -0.1170E+01     0.1000E+07
 -0.1000E+07     0.2570E+00     0.1000E+07
0INITIAL ESTIMATE OF OMEGA:
 0.1069E+00
 0.0000E+00   0.2250E-01
 0.0000E+00   0.0000E+00   0.1210E+01
 0.0000E+00   0.0000E+00   0.0000E+00   0.6384E+00
0INITIAL ESTIMATE OF SIGMA:
 0.1756E+00
0SIMULATION STEP OMITTED:    NO
 OBJ FUNC EVALUATED:         NO
0SIMULATION RANDOM METHOD SELECTED (RANMETHOD): DEFAULT
 SOURCE   1:
   SEED1:       1234567   SEED2:             0   PSEUDO-NORMAL
 NUMBER OF SUBPROBLEMS:    1
0TABLES STEP OMITTED:    NO
 NO. OF TABLES:           1
 SEED NUMBER (SEED):    11456
 RANMETHOD:
 MC SAMPLES (ESEED):    300
 WRES SQUARE ROOT TYPE:            EIGENVALUE
0-- TABLE   1 --
 PRINTED:                NO
 HEADERS:               ONE
 FILE TO BE FORWARDED:   NO
 FORMAT:                S1PE11.4
 LFORMAT:
 RFORMAT:
0USER-CHOSEN ITEMS:
 ID TIME AMT RATE A1 A2 CL V1 Q V2 IPRE WT ADA ALB PPVCL PPVV1 PPVQ PPVV2
1DOUBLE PRECISION PREDPP VERSION 7.3.0

 GENERAL NONLINEAR KINETICS MODEL (ADVAN6)
0MODEL SUBROUTINE USER-SUPPLIED - ID NO. 9999
0MAXIMUM NO. OF BASIC PK PARAMETERS:   4
0COMPARTMENT ATTRIBUTES
 COMPT. NO.   FUNCTION   INITIAL    ON/OFF      DOSE      DEFAULT    DEFAULT
                         STATUS     ALLOWED    ALLOWED    FOR DOSE   FOR OBS.
    1         CENT         ON         YES        YES        YES        YES
    2         PERI         ON         YES        YES        NO         NO
    3         OUTPUT       OFF        YES        NO         NO         NO
0NRD VALUE FROM SUBROUTINE TOL:   5
1
 ADDITIONAL PK PARAMETERS - ASSIGNMENT OF ROWS IN GG
 COMPT. NO.                             INDICES
              SCALE      BIOAVAIL.   ZERO-ORDER  ZERO-ORDER  ABSORB
                         FRACTION    RATE        DURATION    LAG
    1            6           *           *           5           *
    2            *           *           *           *           *
    3            *           -           -           -           -
             - PARAMETER IS NOT ALLOWED FOR THIS MODEL
             * PARAMETER IS NOT SUPPLIED BY PK SUBROUTINE;
               WILL DEFAULT TO ONE IF APPLICABLE
0DATA ITEM INDICES USED BY PRED ARE:
   EVENT ID DATA ITEM IS DATA ITEM NO.:     13
   TIME DATA ITEM IS DATA ITEM NO.:          2
   DOSE AMOUNT DATA ITEM IS DATA ITEM NO.:  11
   DOSE RATE DATA ITEM IS DATA ITEM NO.:    14
   COMPT. NO. DATA ITEM IS DATA ITEM NO.:   12

0PK SUBROUTINE CALLED WITH EVERY EVENT RECORD.
 PK SUBROUTINE NOT CALLED AT NONEVENT (ADDITIONAL OR LAGGED) DOSE TIMES.
0ERROR SUBROUTINE CALLED WITH EVERY EVENT RECORD.
0DES SUBROUTINE USES COMPACT STORAGE MODE.
1
 PROBLEM NO.:         1     SUBPROBLEM NO.:      1

 SIMULATION STEP PERFORMED
 SOURCE  1:
    SEED1:      38139054   SEED2:             0
 ESTIMATION STEP OMITTED:                 YES 
 #CPUT: Total CPU Time in Seconds,        1.812
Stop Time: 
Tue 06/12/2016 
03:09 PM
start 06/12/2016
end   06/12/2016
exe  nmtcl
user 0:2.69
real 0:2.69
sys  0:0
start 06/12/2016
end   06/12/2016
exe  nonmem
user 0:2
real 0:2
sys  0:0
